<?xml version="1.0" encoding="UTF-8"?>
<testng-results skipped="0" failed="0" ignored="0" total="1" passed="1">
  <reporter-output>
  </reporter-output>
  <suite name="ActiTime Automation" duration-ms="114031" started-at="2021-06-14T18:56:59 IST" finished-at="2021-06-14T18:58:53 IST">
    <groups>
    </groups>
    <test name="ActiTime Automation tests" duration-ms="114031" started-at="2021-06-14T18:56:59 IST" finished-at="2021-06-14T18:58:53 IST">
      <class name="com.sgtesting.actitime.driverscript.DriverScript">
        <test-method status="PASS" signature="startAutomationSuite()[pri:0, instance:com.sgtesting.actitime.driverscript.DriverScript@544a2ea6]" name="startAutomationSuite" is-config="true" duration-ms="13" started-at="2021-06-14T18:56:59 IST" finished-at="2021-06-14T18:56:59 IST">
          <reporter-output>
          </reporter-output>
        </test-method> <!-- startAutomationSuite -->
        <test-method status="PASS" signature="loadFiles()[pri:0, instance:com.sgtesting.actitime.driverscript.DriverScript@544a2ea6]" name="loadFiles" is-config="true" duration-ms="4" started-at="2021-06-14T18:56:59 IST" finished-at="2021-06-14T18:56:59 IST">
          <reporter-output>
          </reporter-output>
        </test-method> <!-- loadFiles -->
        <test-method status="PASS" signature="executeTestScenarios()[pri:0, instance:com.sgtesting.actitime.driverscript.DriverScript@544a2ea6]" name="executeTestScenarios" duration-ms="114000" started-at="2021-06-14T18:56:59 IST" finished-at="2021-06-14T18:58:53 IST">
          <reporter-output>
          </reporter-output>
        </test-method> <!-- executeTestScenarios -->
        <test-method status="PASS" signature="endAutomationSuite()[pri:0, instance:com.sgtesting.actitime.driverscript.DriverScript@544a2ea6]" name="endAutomationSuite" is-config="true" duration-ms="12" started-at="2021-06-14T18:58:53 IST" finished-at="2021-06-14T18:58:53 IST">
          <reporter-output>
          </reporter-output>
        </test-method> <!-- endAutomationSuite -->
      </class> <!-- com.sgtesting.actitime.driverscript.DriverScript -->
    </test> <!-- ActiTime Automation tests -->
  </suite> <!-- ActiTime Automation -->
</testng-results>
