<?xml version="1.0" encoding="UTF-8"?>
<testng-results skipped="0" failed="0" ignored="0" total="1" passed="1">
  <reporter-output>
  </reporter-output>
  <suite name="Default suite" duration-ms="59930" started-at="2021-06-13T02:30:43 IST" finished-at="2021-06-13T02:31:43 IST">
    <groups>
    </groups>
    <test name="Default test" duration-ms="59930" started-at="2021-06-13T02:30:43 IST" finished-at="2021-06-13T02:31:43 IST">
      <class name="com.sgtesting.actitime.driverscript.DriverScripts">
        <test-method status="PASS" signature="loadFiles()[pri:0, instance:com.sgtesting.actitime.driverscript.DriverScripts@7a187f14]" name="loadFiles" is-config="true" duration-ms="20" started-at="2021-06-13T02:30:43 IST" finished-at="2021-06-13T02:30:43 IST">
          <reporter-output>
          </reporter-output>
        </test-method> <!-- loadFiles -->
        <test-method status="PASS" signature="executeScenarios()[pri:0, instance:com.sgtesting.actitime.driverscript.DriverScripts@7a187f14]" name="executeScenarios" duration-ms="59829" started-at="2021-06-13T02:30:43 IST" finished-at="2021-06-13T02:31:43 IST">
          <reporter-output>
          </reporter-output>
        </test-method> <!-- executeScenarios -->
      </class> <!-- com.sgtesting.actitime.driverscript.DriverScripts -->
    </test> <!-- Default test -->
  </suite> <!-- Default suite -->
</testng-results>
